<?xml version="1.0" encoding="UTF-8"?>
<testsuite name="gobierno.TDD" tests="1" skipped="0" failures="0" errors="0" timestamp="2021-01-15T12:18:45" hostname="ELGRAN.local" time="0.0">
  <properties/>
  <testcase name="testAutorizacionSalidaCalle" classname="gobierno.TDD" time="0.0"/>
  <system-out><![CDATA[]]></system-out>
  <system-err><![CDATA[]]></system-err>
</testsuite>
