<?xml version="1.0" encoding="UTF-8"?>
<testsuite name="ejemplo2.ConversorRomanoTest" tests="1" skipped="0" failures="0" errors="0" timestamp="2021-01-15T12:18:45" hostname="ELGRAN.local" time="0.022">
  <properties/>
  <testcase name="testIntToRoman" classname="ejemplo2.ConversorRomanoTest" time="0.022"/>
  <system-out><![CDATA[N 1 --> I
N 2 --> II
N 3 --> III
N 4 --> IV
N 5 --> V
N 6 --> VI
N 7 --> VII
N 8 --> VIII
N 9 --> IX
N 10 --> X
N 11 --> XI
N 12 --> XII
N 14 --> XIV
N 15 --> XV
N 16 --> XVI
N 19 --> XIX
N 20 --> XX
N 21 --> XXI
N 23 --> XXIII
N 24 --> XXIV
N 25 --> XXV
N 26 --> XXVI
N 34 --> XXXIV
N 39 --> XXXIX
N 40 --> XL
N 48 --> XLVIII
N 49 --> XLIX
N 50 --> L
N 51 --> LI
N 58 --> LVIII
N 59 --> LIX
N 60 --> LX
N 63 --> LXIII
N 68 --> LXVIII
N 89 --> LXXXIX
N 90 --> XC
N 91 --> XCI
N 95 --> XCV
N 100 --> C
N 103 --> CIII
N 117 --> CXVII
N 170 --> CLXX
N 250 --> CCL
N 399 --> CCCXCIX
N 400 --> CD
N 410 --> CDX
N 450 --> CDL
N 480 --> CDLXXX
N 499 --> CDXCIX
N 500 --> D
N 510 --> DX
N 580 --> DLXXX
N 599 --> DXCIX
N 600 --> DC
N 610 --> DCX
N 650 --> DCL
N 695 --> DCXCV
N 700 --> DCC
N 800 --> DCCC
N 840 --> DCCCXL
N 900 --> CM
N 950 --> CML
N 999 --> CMXCIX
N 1000 --> M
N 1500 --> MD
N 1999 --> MCMXCIX
N 2000 --> MM
N 2560 --> MMDLX
N 3000 --> MMM
N 3500 --> MMMD
N 3900 --> MMMCM
N 3999 --> MMMCMXCIX
]]></system-out>
  <system-err><![CDATA[]]></system-err>
</testsuite>
